Using pre-set license
Built from '2020.3/staging' branch; Version is '2020.3.22f1 (e1a7f79fd887) revision 14788599'; Using compiler version '192528614'; Build Type 'Release'
OS: 'Windows 10 Pro; OS build 19042.1348; Version 2009; 64bit' Language: 'en' Physical Memory: 8060 MB
BatchMode: 1, IsHumanControllingUs: 0, StartBugReporterOnCrash: 0, Is64bit: 1, IsPro: 0

COMMAND LINE ARGUMENTS:
C:\Program Files\Unity\Hub\Editor\2020.3.22f1\Editor\Unity.exe
-adb2
-batchMode
-noUpm
-name
AssetImportWorker0
-projectPath
D:/คพ222/lab111111_2
-logFile
Logs/AssetImportWorker0.log
-srvPort
10481
Successfully changed project path to: D:/คพ222/lab111111_2
D:/คพ222/lab111111_2
Using Asset Import Pipeline V2.
Refreshing native plugins compatible for Editor in 89.84 ms, found 2 plugins.
Preloading 0 native plugins for Editor in 0.00 ms.
Initialize engine version: 2020.3.22f1 (e1a7f79fd887)
[Subsystems] Discovering subsystems at path C:/Program Files/Unity/Hub/Editor/2020.3.22f1/Editor/Data/Resources/UnitySubsystems
[Subsystems] Discovering subsystems at path D:/คพ222/lab111111_2/Assets
GfxDevice: creating device client; threaded=0
Direct3D:
    Version:  Direct3D 11.0 [level 11.0]
    Renderer: NVIDIA GeForce GTX 950M (ID=0x139a)
    Vendor:   
    VRAM:     4064 MB
    Driver:   21.21.13.7654
Initialize mono
Mono path[0] = 'C:/Program Files/Unity/Hub/Editor/2020.3.22f1/Editor/Data/Managed'
Mono path[1] = 'C:/Program Files/Unity/Hub/Editor/2020.3.22f1/Editor/Data/MonoBleedingEdge/lib/mono/unityjit'
Mono config path = 'C:/Program Files/Unity/Hub/Editor/2020.3.22f1/Editor/Data/MonoBleedingEdge/etc'
Using monoOptions --debugger-agent=transport=dt_socket,embedding=1,server=y,suspend=n,address=127.0.0.1:56928
Begin MonoManager ReloadAssembly
Registering precompiled unity dll's ...
Register platform support module: C:/Program Files/Unity/Hub/Editor/2020.3.22f1/Editor/Data/PlaybackEngines/WebGLSupport/UnityEditor.WebGL.Extensions.dll
Register platform support module: C:/Program Files/Unity/Hub/Editor/2020.3.22f1/Editor/Data/PlaybackEngines/WindowsStandaloneSupport/UnityEditor.WindowsStandalone.Extensions.dll
Registered in 0.002999 seconds.
Native extension for WindowsStandalone target not found
Native extension for WebGL target not found
Refreshing native plugins compatible for Editor in 87.24 ms, found 2 plugins.
Preloading 0 native plugins for Editor in 0.00 ms.
Mono: successfully reloaded assembly
- Completed reload, in  3.167 seconds
Domain Reload Profiling:
	ReloadAssembly (3167ms)
		BeginReloadAssembly (97ms)
			ExecutionOrderSort (0ms)
			DisableScriptedObjects (0ms)
			BackupInstance (0ms)
			ReleaseScriptingObjects (0ms)
			CreateAndSetChildDomain (2ms)
		EndReloadAssembly (724ms)
			LoadAssemblies (93ms)
			RebuildTransferFunctionScriptingTraits (0ms)
			SetupTypeCache (230ms)
			ReleaseScriptCaches (0ms)
			RebuildScriptCaches (43ms)
			SetupLoadedEditorAssemblies (309ms)
				LogAssemblyErrors (0ms)
				InitializePlatformSupportModulesInManaged (46ms)
				SetLoadedEditorAssemblies (0ms)
				RefreshPlugins (87ms)
				BeforeProcessingInitializeOnLoad (16ms)
				ProcessInitializeOnLoadAttributes (116ms)
				ProcessInitializeOnLoadMethodAttributes (43ms)
				AfterProcessingInitializeOnLoad (0ms)
				EditorAssembliesLoaded (0ms)
			ExecutionOrderSort2 (0ms)
			AwakeInstancesAfterBackupRestoration (0ms)
Platform modules already initialized, skipping
Registering precompiled user dll's ...
Registered in 0.004105 seconds.
Begin MonoManager ReloadAssembly
Native extension for WindowsStandalone target not found
Native extension for WebGL target not found
Refreshing native plugins compatible for Editor in 95.17 ms, found 2 plugins.
Preloading 0 native plugins for Editor in 0.00 ms.
Mono: successfully reloaded assembly
- Completed reload, in  1.776 seconds
Domain Reload Profiling:
	ReloadAssembly (1777ms)
		BeginReloadAssembly (225ms)
			ExecutionOrderSort (0ms)
			DisableScriptedObjects (7ms)
			BackupInstance (0ms)
			ReleaseScriptingObjects (0ms)
			CreateAndSetChildDomain (29ms)
		EndReloadAssembly (1460ms)
			LoadAssemblies (132ms)
			RebuildTransferFunctionScriptingTraits (0ms)
			SetupTypeCache (496ms)
			ReleaseScriptCaches (1ms)
			RebuildScriptCaches (74ms)
			SetupLoadedEditorAssemblies (545ms)
				LogAssemblyErrors (0ms)
				InitializePlatformSupportModulesInManaged (8ms)
				SetLoadedEditorAssemblies (1ms)
				RefreshPlugins (95ms)
				BeforeProcessingInitializeOnLoad (133ms)
				ProcessInitializeOnLoadAttributes (285ms)
				ProcessInitializeOnLoadMethodAttributes (12ms)
				AfterProcessingInitializeOnLoad (11ms)
				EditorAssembliesLoaded (0ms)
			ExecutionOrderSort2 (0ms)
			AwakeInstancesAfterBackupRestoration (11ms)
Platform modules already initialized, skipping
========================================================================
Worker process is ready to serve import requests
Launched and connected shader compiler UnityShaderCompiler.exe after 0.06 seconds
Refreshing native plugins compatible for Editor in 0.55 ms, found 2 plugins.
Preloading 0 native plugins for Editor in 0.00 ms.
Unloading 2932 Unused Serialized files (Serialized files now loaded: 0)
System memory in use before: 135.5 MB.
System memory in use after: 135.7 MB.

Unloading 20 unused Assets to reduce memory usage. Loaded Objects now: 3376.
Total: 4.170800 ms (FindLiveObjects: 0.335100 ms CreateObjectMapping: 0.177500 ms MarkObjects: 3.564000 ms  DeleteObjects: 0.093100 ms)

AssetImportParameters requested are different than current active one (requested -> active):
  custom:framework-win-MediaFoundation: 216162199b28c13a410421893ffa2e32 -> 
  custom:video-decoder-ogg-theora: a1e56fd34408186e4bbccfd4996cb3dc -> 
  custom:container-muxer-webm: aa71ff27fc2769a1b78a27578f13a17b -> 
  custom:container-demuxer-webm: 4f35f7cbe854078d1ac9338744f61a02 -> 
  custom:container-demuxer-ogg: 62fdf1f143b41e24485cea50d1cbac27 -> 
  custom:video-encoder-webm-vp8: eb34c28f22e8b96e1ab97ce403110664 -> 
  custom:video-decoder-webm-vp8: 9c59270c3fd7afecdb556c50c9e8de78 -> 
  custom:audio-decoder-ogg-vorbis: bf7c407c2cedff20999df2af8eb42d56 -> 
  custom:audio-encoder-webm-vorbis: bf7c407c2cedff20999df2af8eb42d56 -> 
========================================================================
Received Import Request.
  path: Assets/UniversalRenderPipelineAsset.asset
  artifactKey: Guid(12ce2d50f915b704f9b6380e719bf59c) Importer(815301076,1909f56bfc062723c751e8b465ee728b)
Start importing Assets/UniversalRenderPipelineAsset.asset using Guid(12ce2d50f915b704f9b6380e719bf59c) Importer(815301076,1909f56bfc062723c751e8b465ee728b)  -> (artifact id: 'ab5705c17d12eaabd7bff018a6208842') in 0.057729 seconds 
  Import took 0.062919 seconds .

========================================================================
Received Import Request.
  Time since last request: 0.000296 seconds.
  path: Assets/UniversalRenderPipelineAsset_Renderer.asset
  artifactKey: Guid(d3c501d6870ba7545b156ba15f9d8167) Importer(815301076,1909f56bfc062723c751e8b465ee728b)
Start importing Assets/UniversalRenderPipelineAsset_Renderer.asset using Guid(d3c501d6870ba7545b156ba15f9d8167) Importer(815301076,1909f56bfc062723c751e8b465ee728b)  -> (artifact id: '7ab1482d94070c4dc60b90d09c659841') in 0.004170 seconds 
  Import took 0.012851 seconds .

========================================================================
Received Import Request.
  Time since last request: 35.238141 seconds.
  path: Assets/myShader
  artifactKey: Guid(c33efdd2b84ef814a8356ebf26a2ba3e) Importer(815301076,1909f56bfc062723c751e8b465ee728b)
Start importing Assets/myShader using Guid(c33efdd2b84ef814a8356ebf26a2ba3e) Importer(815301076,1909f56bfc062723c751e8b465ee728b)  -> (artifact id: '1976fdcb5a61407866f900b65bed5861') in 0.003862 seconds 
  Import took 0.016503 seconds .

========================================================================
Received Import Request.
  Time since last request: 22.999530 seconds.
  path: Assets/myShader/DepthWater
  artifactKey: Guid(2388bdff01f97af4aba84fba8fee1768) Importer(815301076,1909f56bfc062723c751e8b465ee728b)
Start importing Assets/myShader/DepthWater using Guid(2388bdff01f97af4aba84fba8fee1768) Importer(815301076,1909f56bfc062723c751e8b465ee728b)  -> (artifact id: 'b2cedf2488426dd906750599a4f96319') in 0.005687 seconds 
  Import took 0.016428 seconds .

========================================================================
Received Import Request.
  Time since last request: 27.106025 seconds.
  path: Assets/myShader/DepthWater/DeprtWater.shadergraph
  artifactKey: Guid(80ec9776dba500c44b63e6f77db7a924) Importer(815301076,1909f56bfc062723c751e8b465ee728b)
Start importing Assets/myShader/DepthWater/DeprtWater.shadergraph using Guid(80ec9776dba500c44b63e6f77db7a924) Importer(815301076,1909f56bfc062723c751e8b465ee728b)  -> (artifact id: '3ad6e3c084805c9c6de869909a5ca339') in 0.011804 seconds 
  Import took 0.022562 seconds .

========================================================================
Received Import Request.
  Time since last request: 486.692367 seconds.
  path: Assets/myShader/DepthWater/DeprtWater.shadergraph
  artifactKey: Guid(80ec9776dba500c44b63e6f77db7a924) Importer(815301076,1909f56bfc062723c751e8b465ee728b)
Start importing Assets/myShader/DepthWater/DeprtWater.shadergraph using Guid(80ec9776dba500c44b63e6f77db7a924) Importer(815301076,1909f56bfc062723c751e8b465ee728b)  -> (artifact id: '9f9812b1f298eb681b9d0fe9ab813d74') in 0.006777 seconds 
  Import took 0.021186 seconds .

========================================================================
Received Import Request.
  Time since last request: 31.487980 seconds.
  path: Assets/myShader/DepthWater/DepthWater.shadersubgraph
  artifactKey: Guid(672d114099d944e44b8521cc80fa1afd) Importer(815301076,1909f56bfc062723c751e8b465ee728b)
Start importing Assets/myShader/DepthWater/DepthWater.shadersubgraph using Guid(672d114099d944e44b8521cc80fa1afd) Importer(815301076,1909f56bfc062723c751e8b465ee728b)  -> (artifact id: '56275903d7beee4502fc0dae3b641fd6') in 0.020922 seconds 
  Import took 0.051828 seconds .

========================================================================
Received Import Request.
  Time since last request: 25.081898 seconds.
  path: Assets/myShader/DepthWater/DepthWater.mat
  artifactKey: Guid(704e4bfcc7df5d047820116428d46bcb) Importer(815301076,1909f56bfc062723c751e8b465ee728b)
Start importing Assets/myShader/DepthWater/DepthWater.mat using Guid(704e4bfcc7df5d047820116428d46bcb) Importer(815301076,1909f56bfc062723c751e8b465ee728b)  -> (artifact id: '6318d6229361033f17872374cb6d799e') in 0.403419 seconds 
  Import took 0.414675 seconds .

========================================================================
Received Import Request.
  Time since last request: 10.255282 seconds.
  path: Assets/myShader/DepthWater/DepthWater.shadergraph
  artifactKey: Guid(80ec9776dba500c44b63e6f77db7a924) Importer(815301076,1909f56bfc062723c751e8b465ee728b)
Start importing Assets/myShader/DepthWater/DepthWater.shadergraph using Guid(80ec9776dba500c44b63e6f77db7a924) Importer(815301076,1909f56bfc062723c751e8b465ee728b)  -> (artifact id: '694cf7e9ca34b1cd08641b8f7ed0c373') in 0.004116 seconds 
  Import took 0.019712 seconds .

========================================================================
Received Import Request.
  Time since last request: 19.230895 seconds.
  path: Assets/myShader/DepthWater/DepthWater.shadergraph
  artifactKey: Guid(80ec9776dba500c44b63e6f77db7a924) Importer(815301076,1909f56bfc062723c751e8b465ee728b)
Start importing Assets/myShader/DepthWater/DepthWater.shadergraph using Guid(80ec9776dba500c44b63e6f77db7a924) Importer(815301076,1909f56bfc062723c751e8b465ee728b)  -> (artifact id: '064c8d5de65606f12505e472d559e4fc') in 0.003693 seconds 
  Import took 0.012598 seconds .

========================================================================
Received Import Request.
  Time since last request: 41.029951 seconds.
  path: Assets/myShader/DepthWater/DepthWater.mat
  artifactKey: Guid(704e4bfcc7df5d047820116428d46bcb) Importer(815301076,1909f56bfc062723c751e8b465ee728b)
Start importing Assets/myShader/DepthWater/DepthWater.mat using Guid(704e4bfcc7df5d047820116428d46bcb) Importer(815301076,1909f56bfc062723c751e8b465ee728b)  -> (artifact id: '2c0fc9e9dc8d32a417b93dfd2945d85d') in 0.026259 seconds 
  Import took 0.035397 seconds .

========================================================================
Received Import Request.
  Time since last request: 57.419399 seconds.
  path: Assets/myShader/Water2Color
  artifactKey: Guid(fef1d3115cdedda439f3ebffa577216e) Importer(815301076,1909f56bfc062723c751e8b465ee728b)
Start importing Assets/myShader/Water2Color using Guid(fef1d3115cdedda439f3ebffa577216e) Importer(815301076,1909f56bfc062723c751e8b465ee728b)  -> (artifact id: '11d8e91a0d3fd729499eece525694eed') in 0.002127 seconds 
  Import took 0.021860 seconds .

========================================================================
Received Import Request.
  Time since last request: 12.888621 seconds.
  path: Assets/myShader/Water2Color/New Shader Graph.shadergraph
  artifactKey: Guid(32636e20629afe945ae0263d5a46f2ea) Importer(815301076,1909f56bfc062723c751e8b465ee728b)
Start importing Assets/myShader/Water2Color/New Shader Graph.shadergraph using Guid(32636e20629afe945ae0263d5a46f2ea) Importer(815301076,1909f56bfc062723c751e8b465ee728b)  -> (artifact id: '3459b80234a689cfe79c029ba8491016') in 0.006829 seconds 
  Import took 0.016584 seconds .

========================================================================
Received Import Request.
  Time since last request: 30.992586 seconds.
  path: Assets/myShader/Water2Color/Water2Color.shadergraph
  artifactKey: Guid(99726a5ccb72e2d47a7d792f68678e75) Importer(815301076,1909f56bfc062723c751e8b465ee728b)
Start importing Assets/myShader/Water2Color/Water2Color.shadergraph using Guid(99726a5ccb72e2d47a7d792f68678e75) Importer(815301076,1909f56bfc062723c751e8b465ee728b)  -> (artifact id: '314c9afb5306d20ca7be119ef3ed8068') in 0.012583 seconds 
  Import took 0.063252 seconds .

========================================================================
Received Import Request.
  Time since last request: 206.232319 seconds.
  path: Assets/myShader/Water2Color/Water2Color.shadergraph
  artifactKey: Guid(99726a5ccb72e2d47a7d792f68678e75) Importer(815301076,1909f56bfc062723c751e8b465ee728b)
Start importing Assets/myShader/Water2Color/Water2Color.shadergraph using Guid(99726a5ccb72e2d47a7d792f68678e75) Importer(815301076,1909f56bfc062723c751e8b465ee728b)  -> (artifact id: 'e725cd015cb3f9f55f6edfd58fbfd18c') in 0.010864 seconds 
  Import took 0.023187 seconds .

========================================================================
Received Import Request.
  Time since last request: 28.868531 seconds.
  path: Assets/myShader/Water2Color/Water2Color.shadersubgraph
  artifactKey: Guid(aa16c8a150f49774f8ce822ceb811a62) Importer(815301076,1909f56bfc062723c751e8b465ee728b)
Start importing Assets/myShader/Water2Color/Water2Color.shadersubgraph using Guid(aa16c8a150f49774f8ce822ceb811a62) Importer(815301076,1909f56bfc062723c751e8b465ee728b)  -> (artifact id: 'dac7d4d1f7e15fc947c7287ce100467e') in 0.035175 seconds 
  Import took 0.090270 seconds .

========================================================================
Received Import Request.
  Time since last request: 7.734767 seconds.
  path: Assets/myShader/Water2Color/Water2Color.shadergraph
  artifactKey: Guid(99726a5ccb72e2d47a7d792f68678e75) Importer(815301076,1909f56bfc062723c751e8b465ee728b)
Start importing Assets/myShader/Water2Color/Water2Color.shadergraph using Guid(99726a5ccb72e2d47a7d792f68678e75) Importer(815301076,1909f56bfc062723c751e8b465ee728b)  -> (artifact id: '02586ddb97e380018c67e754c4a0a8c8') in 0.009146 seconds 
  Import took 0.021060 seconds .

========================================================================
Received Import Request.
  Time since last request: 19.148106 seconds.
  path: Assets/myShader/Water2Color/Water2Color.mat
  artifactKey: Guid(103aec38cbf955a48aed104a16da98fe) Importer(815301076,1909f56bfc062723c751e8b465ee728b)
Start importing Assets/myShader/Water2Color/Water2Color.mat using Guid(103aec38cbf955a48aed104a16da98fe) Importer(815301076,1909f56bfc062723c751e8b465ee728b)  -> (artifact id: '634fa61d48c4ae212c6a1e9f0d315ec3') in 0.024032 seconds 
  Import took 0.032224 seconds .

========================================================================
Received Import Request.
  Time since last request: 75.961839 seconds.
  path: Assets/myShader/Water2Color/Water2Color.mat
  artifactKey: Guid(103aec38cbf955a48aed104a16da98fe) Importer(815301076,1909f56bfc062723c751e8b465ee728b)
Start importing Assets/myShader/Water2Color/Water2Color.mat using Guid(103aec38cbf955a48aed104a16da98fe) Importer(815301076,1909f56bfc062723c751e8b465ee728b)  -> (artifact id: 'fd63f801650b31975d8a889e0f926b65') in 0.037762 seconds 
  Import took 0.051811 seconds .

========================================================================
Received Import Request.
  Time since last request: 32.870338 seconds.
  path: Assets/myShader/Movement
  artifactKey: Guid(2314801870090e444959c32ae46db30c) Importer(815301076,1909f56bfc062723c751e8b465ee728b)
Start importing Assets/myShader/Movement using Guid(2314801870090e444959c32ae46db30c) Importer(815301076,1909f56bfc062723c751e8b465ee728b)  -> (artifact id: 'c26be43659aaff9bbe162ab804bd77d3') in 0.003911 seconds 
  Import took 0.017684 seconds .

========================================================================
Received Import Request.
  Time since last request: 16.720163 seconds.
  path: Assets/myShader/Movement/Movement
  artifactKey: Guid(7e835918fa0d34844915f77e6e8fc946) Importer(815301076,1909f56bfc062723c751e8b465ee728b)
Start importing Assets/myShader/Movement/Movement using Guid(7e835918fa0d34844915f77e6e8fc946) Importer(815301076,1909f56bfc062723c751e8b465ee728b)  -> (artifact id: '4817c5ca07218d5f6edb649113ac9ddb') in 0.002080 seconds 
  Import took 0.015210 seconds .

========================================================================
Received Import Request.
  Time since last request: 23.154117 seconds.
  path: Assets/myShader/Movement/WaterMovement
  artifactKey: Guid(02d485e94b03c3540800448e070989bf) Importer(815301076,1909f56bfc062723c751e8b465ee728b)
Start importing Assets/myShader/Movement/WaterMovement using Guid(02d485e94b03c3540800448e070989bf) Importer(815301076,1909f56bfc062723c751e8b465ee728b)  -> (artifact id: '7582fa9f4238474c68d79be883617d2e') in 0.002393 seconds 
  Import took 0.014380 seconds .

========================================================================
Received Import Request.
  Time since last request: 24.342389 seconds.
  path: Assets/myShader/Movement/Movement/Movement.shadergraph
  artifactKey: Guid(c93fdce121fde024690bfc8fbbad3083) Importer(815301076,1909f56bfc062723c751e8b465ee728b)
Start importing Assets/myShader/Movement/Movement/Movement.shadergraph using Guid(c93fdce121fde024690bfc8fbbad3083) Importer(815301076,1909f56bfc062723c751e8b465ee728b)  -> (artifact id: 'ff47a12f9df624b6e26bc61658c24b60') in 0.009782 seconds 
  Import took 0.019882 seconds .

========================================================================
Received Import Request.
  Time since last request: 171.287343 seconds.
  path: Assets/myShader/Movement/Movement/Movement.shadergraph
  artifactKey: Guid(c93fdce121fde024690bfc8fbbad3083) Importer(815301076,1909f56bfc062723c751e8b465ee728b)
Start importing Assets/myShader/Movement/Movement/Movement.shadergraph using Guid(c93fdce121fde024690bfc8fbbad3083) Importer(815301076,1909f56bfc062723c751e8b465ee728b)  -> (artifact id: '52e486869ff1dbc409dfda66577eb8ca') in 0.004662 seconds 
  Import took 0.018570 seconds .

========================================================================
Received Import Request.
  Time since last request: 18.819271 seconds.
  path: Assets/myShader/Movement/Movement/Movement.shadersubgraph
  artifactKey: Guid(35156acace6629b4d9c764f8db3c13ef) Importer(815301076,1909f56bfc062723c751e8b465ee728b)
Start importing Assets/myShader/Movement/Movement/Movement.shadersubgraph using Guid(35156acace6629b4d9c764f8db3c13ef) Importer(815301076,1909f56bfc062723c751e8b465ee728b)  -> (artifact id: '3b348e9a39aefcfd1c512987400604c7') in 0.017461 seconds 
  Import took 0.074795 seconds .

========================================================================
Received Import Request.
  Time since last request: 36.732475 seconds.
  path: Assets/myShader/Movement/WaterMovement/WaterMovement.shadergraph
  artifactKey: Guid(d75f83b620e4a854c84e061066287041) Importer(815301076,1909f56bfc062723c751e8b465ee728b)
Start importing Assets/myShader/Movement/WaterMovement/WaterMovement.shadergraph using Guid(d75f83b620e4a854c84e061066287041) Importer(815301076,1909f56bfc062723c751e8b465ee728b)  -> (artifact id: '2bdf42d2c26a4a4bacdc4a7b0070ca5c') in 0.004753 seconds 
  Import took 0.019818 seconds .

========================================================================
Received Import Request.
  Time since last request: 330.827019 seconds.
  path: Assets/myShader/Movement/WaterMovement/WaterMovement.shadergraph
  artifactKey: Guid(d75f83b620e4a854c84e061066287041) Importer(815301076,1909f56bfc062723c751e8b465ee728b)
Start importing Assets/myShader/Movement/WaterMovement/WaterMovement.shadergraph using Guid(d75f83b620e4a854c84e061066287041) Importer(815301076,1909f56bfc062723c751e8b465ee728b)  -> (artifact id: '4a41a17d0b3ec01fe0975a6f5eedf056') in 0.004922 seconds 
  Import took 0.015908 seconds .

========================================================================
Received Import Request.
  Time since last request: 51.534605 seconds.
  path: Assets/myShader/Movement/WaterMovement/WaterMovement.shadersubgraph
  artifactKey: Guid(97669053e59802c49960acc59ee59bf7) Importer(815301076,1909f56bfc062723c751e8b465ee728b)
Start importing Assets/myShader/Movement/WaterMovement/WaterMovement.shadersubgraph using Guid(97669053e59802c49960acc59ee59bf7) Importer(815301076,1909f56bfc062723c751e8b465ee728b)  -> (artifact id: '59de4fdd76c8a590aefff7daae8166d4') in 0.018970 seconds 
  Import took 0.054023 seconds .

========================================================================
Received Import Request.
  Time since last request: 28.052992 seconds.
  path: Assets/myShader/Foam
  artifactKey: Guid(52fbed683656a3e43b51b44c16df138a) Importer(815301076,1909f56bfc062723c751e8b465ee728b)
Start importing Assets/myShader/Foam using Guid(52fbed683656a3e43b51b44c16df138a) Importer(815301076,1909f56bfc062723c751e8b465ee728b)  -> (artifact id: '666b16fc35e09ce6781ecf8127e9b8b6') in 0.008412 seconds 
  Import took 0.017989 seconds .

========================================================================
Received Import Request.
  Time since last request: 23.556549 seconds.
  path: Assets/myShader/Foam/Foam.shadergraph
  artifactKey: Guid(be52279df873d4b42a82c045849a19c4) Importer(815301076,1909f56bfc062723c751e8b465ee728b)
Start importing Assets/myShader/Foam/Foam.shadergraph using Guid(be52279df873d4b42a82c045849a19c4) Importer(815301076,1909f56bfc062723c751e8b465ee728b)  -> (artifact id: '1661414f1126d3b6a983e185d81c53f6') in 0.006518 seconds 
  Import took 0.015386 seconds .

========================================================================
Received Import Request.
  Time since last request: 856.815777 seconds.
  path: Assets/myShader/Foam/Foam.shadersubgraph
  artifactKey: Guid(856abea38296cea4b92b85827274009e) Importer(815301076,1909f56bfc062723c751e8b465ee728b)
Start importing Assets/myShader/Foam/Foam.shadersubgraph using Guid(856abea38296cea4b92b85827274009e) Importer(815301076,1909f56bfc062723c751e8b465ee728b)  -> (artifact id: '1ea8494614065d4f2be489475f40bccc') in 0.025896 seconds 
  Import took 0.046935 seconds .

========================================================================
Received Import Request.
  Time since last request: 3.984316 seconds.
  path: Assets/myShader/Foam/Foam.shadergraph
  artifactKey: Guid(be52279df873d4b42a82c045849a19c4) Importer(815301076,1909f56bfc062723c751e8b465ee728b)
Start importing Assets/myShader/Foam/Foam.shadergraph using Guid(be52279df873d4b42a82c045849a19c4) Importer(815301076,1909f56bfc062723c751e8b465ee728b)  -> (artifact id: '156bdaaf8ec1a31617bd6cd005e32e92') in 0.004437 seconds 
  Import took 0.014827 seconds .

========================================================================
Received Import Request.
  Time since last request: 35.612039 seconds.
  path: Assets/myShader/Tggether
  artifactKey: Guid(1e79197b71e083f479ef06095f8ef892) Importer(815301076,1909f56bfc062723c751e8b465ee728b)
Start importing Assets/myShader/Tggether using Guid(1e79197b71e083f479ef06095f8ef892) Importer(815301076,1909f56bfc062723c751e8b465ee728b)  -> (artifact id: '77077616c6428e0abb8c771faf484a3a') in 0.002758 seconds 
  Import took 0.017856 seconds .

========================================================================
Received Import Request.
  Time since last request: 22.743141 seconds.
  path: Assets/myShader/Together
  artifactKey: Guid(1e79197b71e083f479ef06095f8ef892) Importer(815301076,1909f56bfc062723c751e8b465ee728b)
Start importing Assets/myShader/Together using Guid(1e79197b71e083f479ef06095f8ef892) Importer(815301076,1909f56bfc062723c751e8b465ee728b)  -> (artifact id: 'd0b9f32bcc123b15bede79123a4b949f') in 0.002490 seconds 
  Import took 0.014377 seconds .

========================================================================
Received Import Request.
  Time since last request: 66.026294 seconds.
  path: Assets/myShader/Together/New Shader Graph.shadergraph
  artifactKey: Guid(9b2dbe0e885a39f44befe5c8b22a6161) Importer(815301076,1909f56bfc062723c751e8b465ee728b)
Start importing Assets/myShader/Together/New Shader Graph.shadergraph using Guid(9b2dbe0e885a39f44befe5c8b22a6161) Importer(815301076,1909f56bfc062723c751e8b465ee728b)  -> (artifact id: '9e8d9d68cfa846fc142e114cdc723b94') in 0.007311 seconds 
  Import took 0.018649 seconds .

========================================================================
Received Import Request.
  Time since last request: 58.839879 seconds.
  path: Assets/myShader/Together/Together.shadergraph
  artifactKey: Guid(9b2dbe0e885a39f44befe5c8b22a6161) Importer(815301076,1909f56bfc062723c751e8b465ee728b)
Start importing Assets/myShader/Together/Together.shadergraph using Guid(9b2dbe0e885a39f44befe5c8b22a6161) Importer(815301076,1909f56bfc062723c751e8b465ee728b)  -> (artifact id: '6e2ffd0f7d11e80b73c1cc2003ea9115') in 0.005057 seconds 
  Import took 0.017857 seconds .

========================================================================
Received Import Request.
  Time since last request: 825.149955 seconds.
  path: Assets/myShader/Together/Together.shadergraph
  artifactKey: Guid(9b2dbe0e885a39f44befe5c8b22a6161) Importer(815301076,1909f56bfc062723c751e8b465ee728b)
Start importing Assets/myShader/Together/Together.shadergraph using Guid(9b2dbe0e885a39f44befe5c8b22a6161) Importer(815301076,1909f56bfc062723c751e8b465ee728b)  -> (artifact id: '85d818ffc1c43ab7694effff688593a3') in 0.006800 seconds 
  Import took 0.017413 seconds .

========================================================================
Received Import Request.
  Time since last request: 28.012202 seconds.
  path: Assets/myShader/Together/Together.mat
  artifactKey: Guid(ddabaa5fa91cdd145ad366058a21dc3e) Importer(815301076,1909f56bfc062723c751e8b465ee728b)
Start importing Assets/myShader/Together/Together.mat using Guid(ddabaa5fa91cdd145ad366058a21dc3e) Importer(815301076,1909f56bfc062723c751e8b465ee728b)  -> (artifact id: 'a21ca11c9dc8e6abdd846afe0767cbf5') in 0.034007 seconds 
  Import took 0.044101 seconds .

========================================================================
Received Import Request.
  Time since last request: 285.227056 seconds.
  path: Assets/myShader/Together/Together.mat
  artifactKey: Guid(ddabaa5fa91cdd145ad366058a21dc3e) Importer(815301076,1909f56bfc062723c751e8b465ee728b)
Start importing Assets/myShader/Together/Together.mat using Guid(ddabaa5fa91cdd145ad366058a21dc3e) Importer(815301076,1909f56bfc062723c751e8b465ee728b)  -> (artifact id: '3c0e035fc21267f3cb66cc43e037019a') in 0.044849 seconds 
  Import took 0.075729 seconds .

========================================================================
Received Prepare
Registering precompiled user dll's ...
Registered in 0.016385 seconds.
Begin MonoManager ReloadAssembly
Native extension for WindowsStandalone target not found
Native extension for WebGL target not found
Refreshing native plugins compatible for Editor in 0.63 ms, found 2 plugins.
Preloading 0 native plugins for Editor in 0.00 ms.
Mono: successfully reloaded assembly
- Completed reload, in  3.567 seconds
Domain Reload Profiling:
	ReloadAssembly (3568ms)
		BeginReloadAssembly (495ms)
			ExecutionOrderSort (0ms)
			DisableScriptedObjects (17ms)
			BackupInstance (0ms)
			ReleaseScriptingObjects (0ms)
			CreateAndSetChildDomain (262ms)
		EndReloadAssembly (2875ms)
			LoadAssemblies (327ms)
			RebuildTransferFunctionScriptingTraits (0ms)
			SetupTypeCache (1013ms)
			ReleaseScriptCaches (3ms)
			RebuildScriptCaches (114ms)
			SetupLoadedEditorAssemblies (1136ms)
				LogAssemblyErrors (0ms)
				InitializePlatformSupportModulesInManaged (8ms)
				SetLoadedEditorAssemblies (1ms)
				RefreshPlugins (1ms)
				BeforeProcessingInitializeOnLoad (209ms)
				ProcessInitializeOnLoadAttributes (866ms)
				ProcessInitializeOnLoadMethodAttributes (29ms)
				AfterProcessingInitializeOnLoad (21ms)
				EditorAssembliesLoaded (2ms)
			ExecutionOrderSort2 (0ms)
			AwakeInstancesAfterBackupRestoration (74ms)
Platform modules already initialized, skipping
Refreshing native plugins compatible for Editor in 1.11 ms, found 2 plugins.
Preloading 0 native plugins for Editor in 0.00 ms.
Unloading 2828 Unused Serialized files (Serialized files now loaded: 0)
System memory in use before: 135.1 MB.
System memory in use after: 135.3 MB.

Unloading 15 unused Assets to reduce memory usage. Loaded Objects now: 3462.
Total: 5.451000 ms (FindLiveObjects: 0.697100 ms CreateObjectMapping: 0.389500 ms MarkObjects: 4.324100 ms  DeleteObjects: 0.038600 ms)

AssetImportParameters requested are different than current active one (requested -> active):
  custom:framework-win-MediaFoundation: 216162199b28c13a410421893ffa2e32 -> 
  custom:video-decoder-ogg-theora: a1e56fd34408186e4bbccfd4996cb3dc -> 
  custom:container-muxer-webm: aa71ff27fc2769a1b78a27578f13a17b -> 
  custom:container-demuxer-webm: 4f35f7cbe854078d1ac9338744f61a02 -> 
  custom:container-demuxer-ogg: 62fdf1f143b41e24485cea50d1cbac27 -> 
  custom:video-encoder-webm-vp8: eb34c28f22e8b96e1ab97ce403110664 -> 
  custom:video-decoder-webm-vp8: 9c59270c3fd7afecdb556c50c9e8de78 -> 
  custom:audio-decoder-ogg-vorbis: bf7c407c2cedff20999df2af8eb42d56 -> 
  custom:audio-encoder-webm-vorbis: bf7c407c2cedff20999df2af8eb42d56 -> 
========================================================================
Received Import Request.
  Time since last request: 409.119874 seconds.
  path: Assets/myShader/Together/Together.mat
  artifactKey: Guid(ddabaa5fa91cdd145ad366058a21dc3e) Importer(815301076,1909f56bfc062723c751e8b465ee728b)
Start importing Assets/myShader/Together/Together.mat using Guid(ddabaa5fa91cdd145ad366058a21dc3e) Importer(815301076,1909f56bfc062723c751e8b465ee728b)  -> (artifact id: '30e999476f34c5460449f773ab6a2e21') in 1.004384 seconds 
  Import took 1.013244 seconds .

========================================================================
Received Import Request.
  Time since last request: 26.928234 seconds.
  path: Assets/Model
  artifactKey: Guid(02ff1fb5973ee2849b1fc4da5b94def2) Importer(815301076,1909f56bfc062723c751e8b465ee728b)
Start importing Assets/Model using Guid(02ff1fb5973ee2849b1fc4da5b94def2) Importer(815301076,1909f56bfc062723c751e8b465ee728b)  -> (artifact id: '5022a19867326234053872dc79e31659') in 0.002825 seconds 
  Import took 0.021673 seconds .

========================================================================
Received Import Request.
  Time since last request: 27.540919 seconds.
  path: Assets/Model/Texture
  artifactKey: Guid(bcfbe1611abd1e5449f9dc5779467480) Importer(815301076,1909f56bfc062723c751e8b465ee728b)
Start importing Assets/Model/Texture using Guid(bcfbe1611abd1e5449f9dc5779467480) Importer(815301076,1909f56bfc062723c751e8b465ee728b)  -> (artifact id: '16476b50aa7509294de31a6b905e9299') in 0.001657 seconds 
  Import took 0.007904 seconds .

========================================================================
Received Import Request.
  Time since last request: 20.214887 seconds.
  path: Assets/Model/Material
  artifactKey: Guid(602e052970a8ed346ad12cba97da01ed) Importer(815301076,1909f56bfc062723c751e8b465ee728b)
Start importing Assets/Model/Material using Guid(602e052970a8ed346ad12cba97da01ed) Importer(815301076,1909f56bfc062723c751e8b465ee728b)  -> (artifact id: 'a790f06c84d233f701e8b9d40e302cf7') in 0.001622 seconds 
  Import took 0.010831 seconds .

========================================================================
Received Import Request.
  Time since last request: 15.490370 seconds.
  path: Assets/Model/mremireh_o_desbiens@Rumba Dancing.fbx
  artifactKey: Guid(9c01f7e5ffbdea142adb3b4da0ddd6da) Importer(815301076,1909f56bfc062723c751e8b465ee728b)
Start importing Assets/Model/mremireh_o_desbiens@Rumba Dancing.fbx using Guid(9c01f7e5ffbdea142adb3b4da0ddd6da) Importer(815301076,1909f56bfc062723c751e8b465ee728b)  -> (artifact id: '77f8965b6fc19552617a0e0c70c3e422') in 1.564919 seconds 
  Import took 1.577567 seconds .

========================================================================
Received Import Request.
  Time since last request: 38.955790 seconds.
  path: Assets/Model/mremireh_o_desbiens@Rumba Dancing.fbx
  artifactKey: Guid(9c01f7e5ffbdea142adb3b4da0ddd6da) Importer(815301076,1909f56bfc062723c751e8b465ee728b)
Start importing Assets/Model/mremireh_o_desbiens@Rumba Dancing.fbx using Guid(9c01f7e5ffbdea142adb3b4da0ddd6da) Importer(815301076,1909f56bfc062723c751e8b465ee728b)  -> (artifact id: '15fc95d5e000f249903b6356f536b54e') in 0.248302 seconds 
  Import took 0.257335 seconds .

========================================================================
Received Import Request.
  Time since last request: 23.215823 seconds.
  path: Assets/Model/mremireh_o_desbiens@Rumba Dancing.fbx
  artifactKey: Guid(9c01f7e5ffbdea142adb3b4da0ddd6da) Importer(815301076,1909f56bfc062723c751e8b465ee728b)
Start importing Assets/Model/mremireh_o_desbiens@Rumba Dancing.fbx using Guid(9c01f7e5ffbdea142adb3b4da0ddd6da) Importer(815301076,1909f56bfc062723c751e8b465ee728b)  -> (artifact id: 'a113b0dd05b8a016c644254772d77dfb') in 0.270440 seconds 
  Import took 0.278738 seconds .

========================================================================
Received Import Request.
  Time since last request: 25.179685 seconds.
  path: Assets/Model/mremireh_o_desbiens@Rumba Dancing.fbx
  artifactKey: Guid(9c01f7e5ffbdea142adb3b4da0ddd6da) Importer(815301076,1909f56bfc062723c751e8b465ee728b)
Start importing Assets/Model/mremireh_o_desbiens@Rumba Dancing.fbx using Guid(9c01f7e5ffbdea142adb3b4da0ddd6da) Importer(815301076,1909f56bfc062723c751e8b465ee728b)  -> (artifact id: 'c4a0400437e6e4ee369666652b3a0ec7') in 0.197793 seconds 
  Import took 0.206522 seconds .

========================================================================
Received Import Request.
  Time since last request: 12.899498 seconds.
  path: Assets/Model/mremireh_o_desbiens@Rumba Dancing.fbx
  artifactKey: Guid(9c01f7e5ffbdea142adb3b4da0ddd6da) Importer(815301076,1909f56bfc062723c751e8b465ee728b)
Start importing Assets/Model/mremireh_o_desbiens@Rumba Dancing.fbx using Guid(9c01f7e5ffbdea142adb3b4da0ddd6da) Importer(815301076,1909f56bfc062723c751e8b465ee728b)  -> (artifact id: 'e52614c54b1079411db791c1820503a9') in 0.091073 seconds 
  Import took 0.105315 seconds .

========================================================================
Received Import Request.
  Time since last request: 515.692488 seconds.
  path: Assets/Model/Dance.controller
  artifactKey: Guid(7fc5e35f87d9be2488799696acf92104) Importer(815301076,1909f56bfc062723c751e8b465ee728b)
Start importing Assets/Model/Dance.controller using Guid(7fc5e35f87d9be2488799696acf92104) Importer(815301076,1909f56bfc062723c751e8b465ee728b)  -> (artifact id: '48b8e129c385de8dea775d39ce0eac52') in 0.014831 seconds 
  Import took 0.024441 seconds .

========================================================================
Received Prepare
Registering precompiled user dll's ...
Registered in 0.742665 seconds.
Begin MonoManager ReloadAssembly
Native extension for WindowsStandalone target not found
Native extension for WebGL target not found
Refreshing native plugins compatible for Editor in 1.76 ms, found 2 plugins.
Preloading 0 native plugins for Editor in 0.00 ms.
Mono: successfully reloaded assembly
- Completed reload, in  2.091 seconds
Domain Reload Profiling:
	ReloadAssembly (2092ms)
		BeginReloadAssembly (224ms)
			ExecutionOrderSort (0ms)
			DisableScriptedObjects (15ms)
			BackupInstance (0ms)
			ReleaseScriptingObjects (0ms)
			CreateAndSetChildDomain (94ms)
		EndReloadAssembly (1747ms)
			LoadAssemblies (160ms)
			RebuildTransferFunctionScriptingTraits (0ms)
			SetupTypeCache (583ms)
			ReleaseScriptCaches (2ms)
			RebuildScriptCaches (74ms)
			SetupLoadedEditorAssemblies (661ms)
				LogAssemblyErrors (0ms)
				InitializePlatformSupportModulesInManaged (8ms)
				SetLoadedEditorAssemblies (1ms)
				RefreshPlugins (2ms)
				BeforeProcessingInitializeOnLoad (201ms)
				ProcessInitializeOnLoadAttributes (426ms)
				ProcessInitializeOnLoadMethodAttributes (13ms)
				AfterProcessingInitializeOnLoad (9ms)
				EditorAssembliesLoaded (1ms)
			ExecutionOrderSort2 (0ms)
			AwakeInstancesAfterBackupRestoration (21ms)
Platform modules already initialized, skipping
Refreshing native plugins compatible for Editor in 0.80 ms, found 2 plugins.
Preloading 0 native plugins for Editor in 0.00 ms.
Unloading 2823 Unused Serialized files (Serialized files now loaded: 0)
System memory in use before: 148.6 MB.
System memory in use after: 148.8 MB.

Unloading 15 unused Assets to reduce memory usage. Loaded Objects now: 3504.
Total: 4.463200 ms (FindLiveObjects: 0.692500 ms CreateObjectMapping: 0.204300 ms MarkObjects: 3.537900 ms  DeleteObjects: 0.027200 ms)

AssetImportParameters requested are different than current active one (requested -> active):
  custom:framework-win-MediaFoundation: 216162199b28c13a410421893ffa2e32 -> 
  custom:video-decoder-ogg-theora: a1e56fd34408186e4bbccfd4996cb3dc -> 
  custom:container-muxer-webm: aa71ff27fc2769a1b78a27578f13a17b -> 
  custom:container-demuxer-webm: 4f35f7cbe854078d1ac9338744f61a02 -> 
  custom:container-demuxer-ogg: 62fdf1f143b41e24485cea50d1cbac27 -> 
  custom:video-encoder-webm-vp8: eb34c28f22e8b96e1ab97ce403110664 -> 
  custom:video-decoder-webm-vp8: 9c59270c3fd7afecdb556c50c9e8de78 -> 
  custom:audio-decoder-ogg-vorbis: bf7c407c2cedff20999df2af8eb42d56 -> 
  custom:audio-encoder-webm-vorbis: bf7c407c2cedff20999df2af8eb42d56 -> 
AssetImportWorkerClient::OnTransportError - code=2 error=End of file
